[35m[Appium][39m Welcome to Appium v1.22.3
[35m[Appium][39m Non-default server args:
[35m[Appium][39m   port: 50930
[35m[Appium][39m   loglevel: info
[35m[Appium][39m   tmpDir: C:\Users\Admin\AppData\Local\Temp\\Katalon\Appium\Temp1670927756332
[35m[Appium][39m   chromedriverPort: 50931
[35m[Appium][39m Deprecated server args:
[35m[Appium][39m   [31m--chromedriver-port[39m => --default-capabilities
[35m[Appium][39m Default capabilities, which will be added to each request unless overridden by desired capabilities:
[35m[Appium][39m   chromedriverPort: 50931
[35m[Appium][39m Appium REST http interface listener started on 0.0.0.0:50930
[35m[HTTP][39m [37m-->[39m [37mGET[39m [37m/wd/hub/status[39m
[35m[HTTP][39m [90m{}[39m
[35m[HTTP][39m [37m<-- GET /wd/hub/status [39m[32m200[39m [90m3 ms - 68[39m
[35m[HTTP][39m [90m[39m
[35m[HTTP][39m [37m-->[39m [37mGET[39m [37m/wd/hub/status[39m
[35m[HTTP][39m [90m{}[39m
[35m[HTTP][39m [37m<-- GET /wd/hub/status [39m[32m200[39m [90m1 ms - 68[39m
[35m[HTTP][39m [90m[39m
[35m[HTTP][39m [37m-->[39m [37mPOST[39m [37m/wd/hub/session[39m
[35m[HTTP][39m [90m{"desiredCapabilities":{"app":"C:\\Users\\Admin\\Downloads\\9.2.3.apk","clearSystemFiles":"TRUE","noReset":true,"appWaitActivity":"*","disableAndroidWatchers":"TRUE","deviceId":"","deviceName":"samsung SM-G950F (Android 9)","fullReset":false,"platform":"ANDROID","appWaitDuration":"200000","COMMAND_TIMEOUT":"2000","MobileCapabilityType.NEW_COMMAND_TIMEOUT":3000,"–session-override":"TRUE","newCommandTimeout":"0","platformVersion":"9.0","automationName":"appium","autoGrantPermissions":true,"maxInstances":1,"platformName":"Android","udid":"ce05171579a2043005","remoteAppsCacheLimit":"0","systemPort":50935},"capabilities":{"firstMatch":[{"COMMAND_TIMEOUT":"2000","MobileCapabilityType.NEW_COMMAND_TIMEOUT":3000,"appium:app":"C:\\Users\\Admin\\Downloads\\9.2.3.apk","appium:appWaitActivity":"*","appium:appWaitDuration":"200000","appium:autoGrantPermissions":true,"appium:automationName":"appium","appium:clearSystemFiles":"TRUE","deviceId":"","appium:deviceName":"samsung SM-G950F (Android 9)","appium:disableAndroidWat...[39m
[35m[BaseDriver][39m The following capabilities are not standard capabilities and should have an extension prefix:
[35m[BaseDriver][39m   COMMAND_TIMEOUT
[35m[BaseDriver][39m   MobileCapabilityType.NEW_COMMAND_TIMEOUT
[35m[BaseDriver][39m   deviceId
[35m[BaseDriver][39m   maxInstances
[35m[BaseDriver][39m   platform
[35m[BaseDriver][39m   remoteAppsCacheLimit
[35m[BaseDriver][39m   –session-override
[35m[BaseDriver][39m   chromedriverPort
[35m[BaseDriver][39m Number capability passed in as string. Functionality may be compromised.
[35m[Appium][39m 
[35m[Appium][39m ======================================================================
[35m[Appium][39m   DEPRECATION WARNING:
[35m[Appium][39m 
[35m[Appium][39m   The 'automationName' capability was not provided in the desired 
[35m[Appium][39m   capabilities for this Android session
[35m[Appium][39m 
[35m[Appium][39m   Setting 'automationName=UiAutomator2' by default and using the 
[35m[Appium][39m   UiAutomator2 Driver
[35m[Appium][39m 
[35m[Appium][39m   The next major version of Appium (2.x) will **require** the 
[35m[Appium][39m   'automationName' capability to be set for all sessions on all 
[35m[Appium][39m   platforms
[35m[Appium][39m 
[35m[Appium][39m   In previous versions (Appium <= 1.13.x), the default was 
[35m[Appium][39m   'automationName=UiAutomator1'
[35m[Appium][39m 
[35m[Appium][39m   If you wish to use that automation instead of UiAutomator2, please 
[35m[Appium][39m   add 'automationName=UiAutomator1' to your desired capabilities
[35m[Appium][39m 
[35m[Appium][39m   For more information about drivers, please visit 
[35m[Appium][39m   http://appium.io/docs/en/about-appium/intro/ and explore the 
[35m[Appium][39m   'Drivers' menu
[35m[Appium][39m 
[35m[Appium][39m ======================================================================
[35m[Appium][39m 
[35m[Appium][39m Appium v1.22.3 creating new AndroidUiautomator2Driver (v1.70.1) session
[35m[BaseDriver][39m Number capability passed in as string. Functionality may be compromised.
[35m[BaseDriver][39m Number capability passed in as string. Functionality may be compromised.
[35m[BaseDriver][39m Number capability passed in as string. Functionality may be compromised.
[35m[HTTP][39m [37m<-- POST /wd/hub/session [39m[33m400[39m [90m190 ms - 1221[39m
[35m[HTTP][39m [90m[39m
